2023-06-12 20:10:02[ INFO ]>>insert用户插入测试成功
2023-06-12 20:10:02[ INFO ]>>queryUserList用户列表查询测试成功
2023-06-12 20:34:20[ INFO ]>>qselectUserInfo用户登录测试成功
2023-06-12 20:34:36[ INFO ]>>delete用户删除测试成功
2023-06-12 20:35:13[ INFO ]>>delete用户删除测试成功
2023-06-16 09:34:10[ INFO ]>>queryUserList用户列表查询测试成功
2023-06-16 09:37:54[ INFO ]>>queryUserList用户列表查询测试成功
2023-06-16 09:38:04[ INFO ]>>queryUserList用户列表查询测试成功
2023-06-16 10:00:24[ INFO ]>>queryProjectList项目列表查询测试成功
2023-06-16 10:00:39[ INFO ]>>insert项目插入测试成功
2023-06-16 19:56:03[ INFO ]>>insert用户插入测试成功
2023-06-16 19:56:03[ INFO ]>>queryProjectList项目列表查询测试成功
2023-06-16 19:56:03[ INFO ]>>insert项目插入测试成功
2023-06-16 19:56:03[ INFO ]>>qselectUserInfo用户登录测试成功
2023-06-16 19:56:03[ INFO ]>>queryUserList用户列表查询测试成功
2023-06-16 19:56:46[ INFO ]>>insert用户插入测试成功
2023-06-16 19:56:46[ INFO ]>>queryProjectList项目列表查询测试成功
2023-06-16 19:56:46[ INFO ]>>insert项目插入测试成功
2023-06-16 19:56:46[ INFO ]>>qselectUserInfo用户登录测试成功
2023-06-16 19:56:46[ INFO ]>>queryUserList用户列表查询测试成功
2023-06-16 20:00:28[ INFO ]>>insert用户插入测试成功
2023-06-16 20:00:28[ INFO ]>>queryProjectList项目列表查询测试成功
2023-06-16 20:00:28[ INFO ]>>insert项目插入测试成功
2023-06-16 20:00:28[ INFO ]>>qselectUserInfo用户登录测试成功
2023-06-16 20:00:28[ INFO ]>>queryUserList用户列表查询测试成功
